[INFO ] 2025-05-08 14:55:42.722 [http-nio-9090-exec-1] AddCommutingLogServlet - Received GET /addCommutingLog for userId=947
[DEBUG] 2025-05-08 14:55:42.729 [http-nio-9090-exec-1] AddCommutingLogServlet - Loaded user for GET: User{id=947, firstName='null', lastName='null', email='darlingmicah@gmail.com'}
[INFO ] 2025-05-08 14:55:45.653 [http-nio-9090-exec-3] ViewCommutingLogsServlet - Starting to fetch commuting logs for user ID: 1
[INFO ] 2025-05-08 14:55:45.653 [http-nio-9090-exec-3] ViewCommutingLogsServlet - Fetching commuting logs for user ID: 1
[INFO ] 2025-05-08 14:55:45.661 [http-nio-9090-exec-3] ViewCommutingLogsServlet - Fetched 6 commuting logs for user ID: 1
[INFO ] 2025-05-08 14:55:47.746 [http-nio-9090-exec-6] AddCommutingLogServlet - Received GET /addCommutingLog for userId=947
[DEBUG] 2025-05-08 14:55:47.748 [http-nio-9090-exec-6] AddCommutingLogServlet - Loaded user for GET: User{id=947, firstName='null', lastName='null', email='darlingmicah@gmail.com'}
[INFO ] 2025-05-08 14:55:53.461 [http-nio-9090-exec-9] AddCommutingLogServlet - Received POST /addCommutingLog for userId=947
[DEBUG] 2025-05-08 14:55:53.465 [http-nio-9090-exec-9] AddCommutingLogServlet - Loaded user: User{id=947, firstName='null', lastName='null', email='darlingmicah@gmail.com'}
[DEBUG] 2025-05-08 14:55:53.467 [http-nio-9090-exec-9] AddCommutingLogServlet - Form inputs — commuteType=Car, timeSpent=10.0, distanceInMiles=10.0
[DEBUG] 2025-05-08 14:55:53.485 [http-nio-9090-exec-9] AddCommutingLogServlet - Determined MPG for 'Car': 28.0
[INFO ] 2025-05-08 14:55:54.655 [http-nio-9090-exec-10] AddCommutingLogServlet - Received POST /addCommutingLog for userId=947
[DEBUG] 2025-05-08 14:55:54.668 [http-nio-9090-exec-10] AddCommutingLogServlet - Loaded user: User{id=947, firstName='null', lastName='null', email='darlingmicah@gmail.com'}
[DEBUG] 2025-05-08 14:55:54.669 [http-nio-9090-exec-10] AddCommutingLogServlet - Form inputs — commuteType=Car, timeSpent=10.0, distanceInMiles=10.0
[DEBUG] 2025-05-08 14:55:54.678 [http-nio-9090-exec-10] AddCommutingLogServlet - Determined MPG for 'Car': 28.0
[DEBUG] 2025-05-08 14:55:55.252 [http-nio-9090-exec-10] AddCommutingLogServlet - Computed gas cost: 1.125
[INFO ] 2025-05-08 14:55:55.287 [http-nio-9090-exec-10] AddCommutingLogServlet - Persisted CommutingLog for userId=947 with cost=1.125
[INFO ] 2025-05-08 14:55:55.308 [http-nio-9090-exec-10] AddCommutingLogServlet - Updated CostAnalysis for type='walk' userId=947
[INFO ] 2025-05-08 14:55:55.312 [http-nio-9090-exec-10] AddCommutingLogServlet - Updated CostAnalysis for type='bike' userId=947
[INFO ] 2025-05-08 14:55:55.317 [http-nio-9090-exec-10] AddCommutingLogServlet - Updated CostAnalysis for type='bus' userId=947
[INFO ] 2025-05-08 14:55:55.321 [http-nio-9090-exec-10] AddCommutingLogServlet - Updated CostAnalysis for type='Car' userId=947
[DEBUG] 2025-05-08 14:55:55.853 [http-nio-9090-exec-9] AddCommutingLogServlet - Computed gas cost: 1.125
[INFO ] 2025-05-08 14:55:55.868 [http-nio-9090-exec-9] AddCommutingLogServlet - Persisted CommutingLog for userId=947 with cost=1.125
[INFO ] 2025-05-08 14:55:55.882 [http-nio-9090-exec-9] AddCommutingLogServlet - Updated CostAnalysis for type='walk' userId=947
[INFO ] 2025-05-08 14:55:55.886 [http-nio-9090-exec-9] AddCommutingLogServlet - Updated CostAnalysis for type='bike' userId=947
[INFO ] 2025-05-08 14:55:55.890 [http-nio-9090-exec-9] AddCommutingLogServlet - Updated CostAnalysis for type='bus' userId=947
[INFO ] 2025-05-08 14:55:55.894 [http-nio-9090-exec-9] AddCommutingLogServlet - Updated CostAnalysis for type='Car' userId=947
[INFO ] 2025-05-08 14:56:37.537 [http-nio-9090-exec-1] AddCommutingLogServlet - Received GET /addCommutingLog for userId=947
[DEBUG] 2025-05-08 14:56:37.539 [http-nio-9090-exec-1] AddCommutingLogServlet - Loaded user for GET: User{id=947, firstName='null', lastName='null', email='darlingmicah@gmail.com'}
[INFO ] 2025-05-08 14:56:48.517 [http-nio-9090-exec-5] AddCommutingLogServlet - Received POST /addCommutingLog for userId=947
[DEBUG] 2025-05-08 14:56:48.518 [http-nio-9090-exec-5] AddCommutingLogServlet - Loaded user: User{id=947, firstName='null', lastName='null', email='darlingmicah@gmail.com'}
[DEBUG] 2025-05-08 14:56:48.518 [http-nio-9090-exec-5] AddCommutingLogServlet - Form inputs — commuteType=Car, timeSpent=10.0, distanceInMiles=10.0
[DEBUG] 2025-05-08 14:56:48.520 [http-nio-9090-exec-5] AddCommutingLogServlet - Determined MPG for 'Car': 100.0
[DEBUG] 2025-05-08 14:56:48.961 [http-nio-9090-exec-5] AddCommutingLogServlet - Computed gas cost: 0.315
[INFO ] 2025-05-08 14:56:48.966 [http-nio-9090-exec-5] AddCommutingLogServlet - Persisted CommutingLog for userId=947 with cost=0.315
[INFO ] 2025-05-08 14:56:48.973 [http-nio-9090-exec-5] AddCommutingLogServlet - Updated CostAnalysis for type='walk' userId=947
[INFO ] 2025-05-08 14:56:48.977 [http-nio-9090-exec-5] AddCommutingLogServlet - Updated CostAnalysis for type='bike' userId=947
[INFO ] 2025-05-08 14:56:48.981 [http-nio-9090-exec-5] AddCommutingLogServlet - Updated CostAnalysis for type='bus' userId=947
[INFO ] 2025-05-08 14:56:48.985 [http-nio-9090-exec-5] AddCommutingLogServlet - Updated CostAnalysis for type='Car' userId=947
[INFO ] 2025-05-08 16:54:17.626 [http-nio-9090-exec-5] AddCommutingLogServlet - Received GET /addCommutingLog for userId=947
[DEBUG] 2025-05-08 16:54:17.631 [http-nio-9090-exec-5] AddCommutingLogServlet - Loaded user for GET: User{id=947, firstName='null', lastName='null', email='darlingmicah@gmail.com'}
[INFO ] 2025-05-08 16:54:20.522 [http-nio-9090-exec-9] ViewCommutingLogsServlet - Starting to fetch commuting logs for user ID: 1
[INFO ] 2025-05-08 16:54:20.523 [http-nio-9090-exec-9] ViewCommutingLogsServlet - Fetching commuting logs for user ID: 1
[INFO ] 2025-05-08 16:54:20.530 [http-nio-9090-exec-9] ViewCommutingLogsServlet - Fetched 8 commuting logs for user ID: 1
[INFO ] 2025-05-08 16:54:21.447 [http-nio-9090-exec-10] ViewCommutingLogsServlet - Starting to fetch commuting logs for user ID: 1
[INFO ] 2025-05-08 16:54:21.447 [http-nio-9090-exec-10] ViewCommutingLogsServlet - Fetching commuting logs for user ID: 1
[INFO ] 2025-05-08 16:54:21.452 [http-nio-9090-exec-10] ViewCommutingLogsServlet - Fetched 7 commuting logs for user ID: 1
[INFO ] 2025-05-08 16:54:42.253 [http-nio-9090-exec-5] AddCommutingLogServlet - Received GET /addCommutingLog for userId=947
[DEBUG] 2025-05-08 16:54:42.255 [http-nio-9090-exec-5] AddCommutingLogServlet - Loaded user for GET: User{id=947, firstName='null', lastName='null', email='darlingmicah@gmail.com'}
[INFO ] 2025-05-08 16:54:49.677 [http-nio-9090-exec-7] AddCommutingLogServlet - Received POST /addCommutingLog for userId=947
[DEBUG] 2025-05-08 16:54:49.679 [http-nio-9090-exec-7] AddCommutingLogServlet - Loaded user: User{id=947, firstName='null', lastName='null', email='darlingmicah@gmail.com'}
[DEBUG] 2025-05-08 16:54:49.679 [http-nio-9090-exec-7] AddCommutingLogServlet - Form inputs — commuteType=bike, timeSpent=11.0, distanceInMiles=4.0
[DEBUG] 2025-05-08 16:54:49.690 [http-nio-9090-exec-7] AddCommutingLogServlet - Determined MPG for 'bike': 25.0
[INFO ] 2025-05-08 16:54:49.740 [http-nio-9090-exec-7] AddCommutingLogServlet - Persisted CommutingLog for userId=947 with cost=0.0
[INFO ] 2025-05-08 16:54:49.756 [http-nio-9090-exec-7] AddCommutingLogServlet - Updated CostAnalysis for type='walk' userId=947
[INFO ] 2025-05-08 16:54:49.761 [http-nio-9090-exec-7] AddCommutingLogServlet - Updated CostAnalysis for type='bike' userId=947
[INFO ] 2025-05-08 16:54:49.765 [http-nio-9090-exec-7] AddCommutingLogServlet - Updated CostAnalysis for type='bus' userId=947
[INFO ] 2025-05-08 16:54:49.770 [http-nio-9090-exec-7] AddCommutingLogServlet - Updated CostAnalysis for type='Car' userId=947
[INFO ] 2025-05-08 17:13:20.808 [http-nio-9090-exec-5] AddCommutingLogServlet - Received GET /addCommutingLog for userId=947
[DEBUG] 2025-05-08 17:13:20.813 [http-nio-9090-exec-5] AddCommutingLogServlet - Loaded user for GET: User{id=947, firstName='null', lastName='null', email='darlingmicah@gmail.com'}
[INFO ] 2025-05-08 17:13:38.874 [http-nio-9090-exec-7] AddCommutingLogServlet - Received POST /addCommutingLog for userId=947
[DEBUG] 2025-05-08 17:13:38.877 [http-nio-9090-exec-7] AddCommutingLogServlet - Loaded user: User{id=947, firstName='null', lastName='null', email='darlingmicah@gmail.com'}
[DEBUG] 2025-05-08 17:13:38.877 [http-nio-9090-exec-7] AddCommutingLogServlet - Form inputs — commuteType=Car, timeSpent=160.0, distanceInMiles=600.0
[DEBUG] 2025-05-08 17:13:38.882 [http-nio-9090-exec-7] AddCommutingLogServlet - Determined MPG for 'Car': 100.0
[DEBUG] 2025-05-08 17:13:39.391 [http-nio-9090-exec-7] AddCommutingLogServlet - Computed gas cost: 18.9
[INFO ] 2025-05-08 17:13:39.437 [http-nio-9090-exec-7] AddCommutingLogServlet - Persisted CommutingLog for userId=947 with cost=18.9
[INFO ] 2025-05-08 17:13:39.509 [http-nio-9090-exec-7] AddCommutingLogServlet - Updated CostAnalysis for type='walk' userId=947
[INFO ] 2025-05-08 17:13:39.528 [http-nio-9090-exec-7] AddCommutingLogServlet - Updated CostAnalysis for type='bike' userId=947
[INFO ] 2025-05-08 17:13:39.544 [http-nio-9090-exec-7] AddCommutingLogServlet - Updated CostAnalysis for type='bus' userId=947
[INFO ] 2025-05-08 17:13:39.567 [http-nio-9090-exec-7] AddCommutingLogServlet - Updated CostAnalysis for type='Car' userId=947
[INFO ] 2025-05-08 17:14:01.609 [http-nio-9090-exec-1] AddCommutingLogServlet - Received GET /addCommutingLog for userId=947
[DEBUG] 2025-05-08 17:14:01.612 [http-nio-9090-exec-1] AddCommutingLogServlet - Loaded user for GET: User{id=947, firstName='null', lastName='null', email='darlingmicah@gmail.com'}
[INFO ] 2025-05-08 17:14:14.388 [http-nio-9090-exec-5] AddCommutingLogServlet - Received POST /addCommutingLog for userId=947
[DEBUG] 2025-05-08 17:14:14.390 [http-nio-9090-exec-5] AddCommutingLogServlet - Loaded user: User{id=947, firstName='null', lastName='null', email='darlingmicah@gmail.com'}
[DEBUG] 2025-05-08 17:14:14.390 [http-nio-9090-exec-5] AddCommutingLogServlet - Form inputs — commuteType=bike, timeSpent=455.0, distanceInMiles=90.0
[DEBUG] 2025-05-08 17:14:14.392 [http-nio-9090-exec-5] AddCommutingLogServlet - Determined MPG for 'bike': 25.0
[INFO ] 2025-05-08 17:14:14.397 [http-nio-9090-exec-5] AddCommutingLogServlet - Persisted CommutingLog for userId=947 with cost=0.0
[INFO ] 2025-05-08 17:14:14.407 [http-nio-9090-exec-5] AddCommutingLogServlet - Updated CostAnalysis for type='walk' userId=947
[INFO ] 2025-05-08 17:14:14.412 [http-nio-9090-exec-5] AddCommutingLogServlet - Updated CostAnalysis for type='bike' userId=947
[INFO ] 2025-05-08 17:14:14.416 [http-nio-9090-exec-5] AddCommutingLogServlet - Updated CostAnalysis for type='bus' userId=947
[INFO ] 2025-05-08 17:14:14.419 [http-nio-9090-exec-5] AddCommutingLogServlet - Updated CostAnalysis for type='Car' userId=947
[INFO ] 2025-05-10 12:06:57.009 [http-nio-9090-exec-6] AddCommutingLogServlet - Received GET /addCommutingLog for userId=947
[DEBUG] 2025-05-10 12:06:57.013 [http-nio-9090-exec-6] AddCommutingLogServlet - Loaded user for GET: User{id=947, firstName='null', lastName='null', email='darlingmicah@gmail.com'}
[INFO ] 2025-05-10 12:07:04.901 [http-nio-9090-exec-9] AddCommutingLogServlet - Received POST /addCommutingLog for userId=947
[DEBUG] 2025-05-10 12:07:04.905 [http-nio-9090-exec-9] AddCommutingLogServlet - Loaded user: User{id=947, firstName='null', lastName='null', email='darlingmicah@gmail.com'}
[DEBUG] 2025-05-10 12:07:04.905 [http-nio-9090-exec-9] AddCommutingLogServlet - Form inputs — commuteType=Car, timeSpent=1.0, distanceInMiles=1.0
[DEBUG] 2025-05-10 12:07:04.909 [http-nio-9090-exec-9] AddCommutingLogServlet - Determined MPG for 'Car': 100.0
[DEBUG] 2025-05-10 12:07:05.229 [http-nio-9090-exec-9] AddCommutingLogServlet - Computed gas cost: 0.0315
[INFO ] 2025-05-10 12:07:05.266 [http-nio-9090-exec-9] AddCommutingLogServlet - Persisted CommutingLog for userId=947 with cost=0.0315
[INFO ] 2025-05-10 12:07:05.289 [http-nio-9090-exec-9] AddCommutingLogServlet - Updated CostAnalysis for type='walk' userId=947
[INFO ] 2025-05-10 12:07:05.293 [http-nio-9090-exec-9] AddCommutingLogServlet - Updated CostAnalysis for type='bike' userId=947
[INFO ] 2025-05-10 12:07:05.298 [http-nio-9090-exec-9] AddCommutingLogServlet - Updated CostAnalysis for type='bus' userId=947
[INFO ] 2025-05-10 12:07:05.305 [http-nio-9090-exec-9] AddCommutingLogServlet - Updated CostAnalysis for type='Car' userId=947
[INFO ] 2025-05-10 12:13:30.035 [http-nio-9090-exec-1] AddCommutingLogServlet - Received GET /addCommutingLog for userId=947
[DEBUG] 2025-05-10 12:13:30.047 [http-nio-9090-exec-1] AddCommutingLogServlet - Loaded user for GET: User{id=947, firstName='null', lastName='null', email='darlingmicah@gmail.com'}
[INFO ] 2025-05-10 12:13:33.245 [http-nio-9090-exec-5] AddCommutingLogServlet - Received GET /addCommutingLog for userId=947
[DEBUG] 2025-05-10 12:13:33.248 [http-nio-9090-exec-5] AddCommutingLogServlet - Loaded user for GET: User{id=947, firstName='null', lastName='null', email='darlingmicah@gmail.com'}
[INFO ] 2025-05-10 12:13:34.748 [http-nio-9090-exec-9] ViewCommutingLogsServlet - Starting to fetch commuting logs for user ID: 1
[INFO ] 2025-05-10 12:13:34.748 [http-nio-9090-exec-9] ViewCommutingLogsServlet - Fetching commuting logs for user ID: 1
[INFO ] 2025-05-10 12:13:34.756 [http-nio-9090-exec-9] ViewCommutingLogsServlet - Fetched 10 commuting logs for user ID: 1
[INFO ] 2025-05-10 12:13:35.437 [http-nio-9090-exec-10] ViewCommutingLogsServlet - Starting to fetch commuting logs for user ID: 1
[INFO ] 2025-05-10 12:13:35.438 [http-nio-9090-exec-10] ViewCommutingLogsServlet - Fetching commuting logs for user ID: 1
[INFO ] 2025-05-10 12:13:35.446 [http-nio-9090-exec-10] ViewCommutingLogsServlet - Fetched 10 commuting logs for user ID: 1
[INFO ] 2025-05-10 12:13:48.707 [http-nio-9090-exec-2] ViewCommutingLogsServlet - Starting to fetch commuting logs for user ID: 1
[INFO ] 2025-05-10 12:13:48.708 [http-nio-9090-exec-2] ViewCommutingLogsServlet - Fetching commuting logs for user ID: 1
[INFO ] 2025-05-10 12:13:48.739 [http-nio-9090-exec-2] ViewCommutingLogsServlet - Fetched 10 commuting logs for user ID: 1
[INFO ] 2025-05-10 12:13:58.539 [http-nio-9090-exec-6] AddCommutingLogServlet - Received GET /addCommutingLog for userId=947
[DEBUG] 2025-05-10 12:13:58.541 [http-nio-9090-exec-6] AddCommutingLogServlet - Loaded user for GET: User{id=947, firstName='null', lastName='null', email='darlingmicah@gmail.com'}
[INFO ] 2025-05-10 20:44:41.472 [http-nio-9090-exec-3] AddCommutingLogServlet - Received GET /addCommutingLog for userId=947
[DEBUG] 2025-05-10 20:44:41.477 [http-nio-9090-exec-3] AddCommutingLogServlet - Loaded user for GET: User{id=947, firstName='null', lastName='null', email='darlingmicah@gmail.com'}
[INFO ] 2025-05-10 20:44:44.915 [http-nio-9090-exec-5] AddCommutingLogServlet - Received GET /addCommutingLog for userId=947
[DEBUG] 2025-05-10 20:44:44.919 [http-nio-9090-exec-5] AddCommutingLogServlet - Loaded user for GET: User{id=947, firstName='null', lastName='null', email='darlingmicah@gmail.com'}
[INFO ] 2025-05-10 20:44:50.019 [http-nio-9090-exec-8] AddCommutingLogServlet - Received POST /addCommutingLog for userId=947
[DEBUG] 2025-05-10 20:44:50.022 [http-nio-9090-exec-8] AddCommutingLogServlet - Loaded user: User{id=947, firstName='null', lastName='null', email='darlingmicah@gmail.com'}
[DEBUG] 2025-05-10 20:44:50.023 [http-nio-9090-exec-8] AddCommutingLogServlet - Form inputs — commuteType=Car, timeSpent=1.0, distanceInMiles=1.0
[DEBUG] 2025-05-10 20:44:50.026 [http-nio-9090-exec-8] AddCommutingLogServlet - Determined MPG for 'Car': 100.0
[DEBUG] 2025-05-10 20:44:50.293 [http-nio-9090-exec-8] AddCommutingLogServlet - Computed gas cost: 0.0315
[INFO ] 2025-05-10 20:44:50.315 [http-nio-9090-exec-8] AddCommutingLogServlet - Persisted CommutingLog for userId=947 with cost=0.0315
[INFO ] 2025-05-10 20:44:50.328 [http-nio-9090-exec-8] AddCommutingLogServlet - Updated CostAnalysis for type='walk' userId=947
[INFO ] 2025-05-10 20:44:50.340 [http-nio-9090-exec-8] AddCommutingLogServlet - Updated CostAnalysis for type='bike' userId=947
[INFO ] 2025-05-10 20:44:50.349 [http-nio-9090-exec-8] AddCommutingLogServlet - Updated CostAnalysis for type='bus' userId=947
[INFO ] 2025-05-10 20:44:50.355 [http-nio-9090-exec-8] AddCommutingLogServlet - Updated CostAnalysis for type='Car' userId=947
[INFO ] 2025-05-10 20:44:53.066 [http-nio-9090-exec-1] ViewCommutingLogsServlet - Starting to fetch commuting logs for user ID: 1
[INFO ] 2025-05-10 20:44:53.067 [http-nio-9090-exec-1] ViewCommutingLogsServlet - Fetching commuting logs for user ID: 1
[INFO ] 2025-05-10 20:44:53.081 [http-nio-9090-exec-1] ViewCommutingLogsServlet - Fetched 11 commuting logs for user ID: 1
[INFO ] 2025-05-10 20:45:00.039 [http-nio-9090-exec-5] ViewCommutingLogsServlet - Starting to fetch commuting logs for user ID: 1
[INFO ] 2025-05-10 20:45:00.039 [http-nio-9090-exec-5] ViewCommutingLogsServlet - Fetching commuting logs for user ID: 1
[INFO ] 2025-05-10 20:45:00.043 [http-nio-9090-exec-5] ViewCommutingLogsServlet - Fetched 10 commuting logs for user ID: 1
[INFO ] 2025-05-10 20:45:22.517 [http-nio-9090-exec-6] AddCommutingLogServlet - Received GET /addCommutingLog for userId=947
[DEBUG] 2025-05-10 20:45:22.519 [http-nio-9090-exec-6] AddCommutingLogServlet - Loaded user for GET: User{id=947, firstName='null', lastName='null', email='darlingmicah@gmail.com'}
[INFO ] 2025-05-10 20:45:29.872 [http-nio-9090-exec-9] AddCommutingLogServlet - Received POST /addCommutingLog for userId=947
[DEBUG] 2025-05-10 20:45:29.874 [http-nio-9090-exec-9] AddCommutingLogServlet - Loaded user: User{id=947, firstName='null', lastName='null', email='darlingmicah@gmail.com'}
[DEBUG] 2025-05-10 20:45:29.874 [http-nio-9090-exec-9] AddCommutingLogServlet - Form inputs — commuteType=Car, timeSpent=10.0, distanceInMiles=100.0
[DEBUG] 2025-05-10 20:45:29.876 [http-nio-9090-exec-9] AddCommutingLogServlet - Determined MPG for 'Car': 100.0
[DEBUG] 2025-05-10 20:45:30.991 [http-nio-9090-exec-9] AddCommutingLogServlet - Computed gas cost: 3.15
[INFO ] 2025-05-10 20:45:31.018 [http-nio-9090-exec-9] AddCommutingLogServlet - Persisted CommutingLog for userId=947 with cost=3.15
[INFO ] 2025-05-10 20:45:31.030 [http-nio-9090-exec-9] AddCommutingLogServlet - Updated CostAnalysis for type='walk' userId=947
[INFO ] 2025-05-10 20:45:31.034 [http-nio-9090-exec-9] AddCommutingLogServlet - Updated CostAnalysis for type='bike' userId=947
[INFO ] 2025-05-10 20:45:31.038 [http-nio-9090-exec-9] AddCommutingLogServlet - Updated CostAnalysis for type='bus' userId=947
[INFO ] 2025-05-10 20:45:31.042 [http-nio-9090-exec-9] AddCommutingLogServlet - Updated CostAnalysis for type='Car' userId=947
[INFO ] 2025-05-10 20:45:47.993 [http-nio-9090-exec-3] AddCommutingLogServlet - Received GET /addCommutingLog for userId=947
[DEBUG] 2025-05-10 20:45:47.995 [http-nio-9090-exec-3] AddCommutingLogServlet - Loaded user for GET: User{id=947, firstName='null', lastName='null', email='darlingmicah@gmail.com'}
[INFO ] 2025-05-10 20:45:55.068 [http-nio-9090-exec-9] AddCommutingLogServlet - Received GET /addCommutingLog for userId=947
[DEBUG] 2025-05-10 20:45:55.071 [http-nio-9090-exec-9] AddCommutingLogServlet - Loaded user for GET: User{id=947, firstName='null', lastName='null', email='darlingmicah@gmail.com'}
[INFO ] 2025-05-10 20:45:57.485 [http-nio-9090-exec-4] AddCommutingLogServlet - Received GET /addCommutingLog for userId=947
[DEBUG] 2025-05-10 20:45:57.487 [http-nio-9090-exec-4] AddCommutingLogServlet - Loaded user for GET: User{id=947, firstName='null', lastName='null', email='darlingmicah@gmail.com'}
[INFO ] 2025-05-10 20:45:59.180 [http-nio-9090-exec-5] AddCommutingLogServlet - Received GET /addCommutingLog for userId=947
[DEBUG] 2025-05-10 20:45:59.183 [http-nio-9090-exec-5] AddCommutingLogServlet - Loaded user for GET: User{id=947, firstName='null', lastName='null', email='darlingmicah@gmail.com'}
[INFO ] 2025-05-10 20:46:11.547 [http-nio-9090-exec-3] AddCommutingLogServlet - Received GET /addCommutingLog for userId=947
[DEBUG] 2025-05-10 20:46:11.549 [http-nio-9090-exec-3] AddCommutingLogServlet - Loaded user for GET: User{id=947, firstName='null', lastName='null', email='darlingmicah@gmail.com'}
[INFO ] 2025-05-10 20:46:19.504 [http-nio-9090-exec-7] AddCommutingLogServlet - Received POST /addCommutingLog for userId=947
[DEBUG] 2025-05-10 20:46:19.506 [http-nio-9090-exec-7] AddCommutingLogServlet - Loaded user: User{id=947, firstName='null', lastName='null', email='darlingmicah@gmail.com'}
[DEBUG] 2025-05-10 20:46:19.506 [http-nio-9090-exec-7] AddCommutingLogServlet - Form inputs — commuteType=Car, timeSpent=10.0, distanceInMiles=100.0
[DEBUG] 2025-05-10 20:46:19.508 [http-nio-9090-exec-7] AddCommutingLogServlet - Determined MPG for 'Car': 10.0
[DEBUG] 2025-05-10 20:46:19.815 [http-nio-9090-exec-7] AddCommutingLogServlet - Computed gas cost: 31.5
[INFO ] 2025-05-10 20:46:19.823 [http-nio-9090-exec-7] AddCommutingLogServlet - Persisted CommutingLog for userId=947 with cost=31.5
[INFO ] 2025-05-10 20:46:19.831 [http-nio-9090-exec-7] AddCommutingLogServlet - Updated CostAnalysis for type='walk' userId=947
[INFO ] 2025-05-10 20:46:19.834 [http-nio-9090-exec-7] AddCommutingLogServlet - Updated CostAnalysis for type='bike' userId=947
[INFO ] 2025-05-10 20:46:19.843 [http-nio-9090-exec-7] AddCommutingLogServlet - Updated CostAnalysis for type='bus' userId=947
[INFO ] 2025-05-10 20:46:19.853 [http-nio-9090-exec-7] AddCommutingLogServlet - Updated CostAnalysis for type='Car' userId=947
[INFO ] 2025-05-10 20:46:30.795 [http-nio-9090-exec-7] AddCommutingLogServlet - Received GET /addCommutingLog for userId=947
[DEBUG] 2025-05-10 20:46:30.798 [http-nio-9090-exec-7] AddCommutingLogServlet - Loaded user for GET: User{id=947, firstName='null', lastName='null', email='darlingmicah@gmail.com'}
[INFO ] 2025-05-10 20:46:38.330 [http-nio-9090-exec-9] AddCommutingLogServlet - Received POST /addCommutingLog for userId=947
[DEBUG] 2025-05-10 20:46:38.332 [http-nio-9090-exec-9] AddCommutingLogServlet - Loaded user: User{id=947, firstName='null', lastName='null', email='darlingmicah@gmail.com'}
[DEBUG] 2025-05-10 20:46:38.332 [http-nio-9090-exec-9] AddCommutingLogServlet - Form inputs — commuteType=Car, timeSpent=10.0, distanceInMiles=100.0
[DEBUG] 2025-05-10 20:46:38.334 [http-nio-9090-exec-9] AddCommutingLogServlet - Determined MPG for 'Car': 10.0
[DEBUG] 2025-05-10 20:46:38.695 [http-nio-9090-exec-9] AddCommutingLogServlet - Computed gas cost: 31.5
[INFO ] 2025-05-10 20:46:38.703 [http-nio-9090-exec-9] AddCommutingLogServlet - Persisted CommutingLog for userId=947 with cost=31.5
[INFO ] 2025-05-10 20:46:38.710 [http-nio-9090-exec-9] AddCommutingLogServlet - Updated CostAnalysis for type='walk' userId=947
[INFO ] 2025-05-10 20:46:38.713 [http-nio-9090-exec-9] AddCommutingLogServlet - Updated CostAnalysis for type='bike' userId=947
[INFO ] 2025-05-10 20:46:38.717 [http-nio-9090-exec-9] AddCommutingLogServlet - Updated CostAnalysis for type='bus' userId=947
[INFO ] 2025-05-10 20:46:38.723 [http-nio-9090-exec-9] AddCommutingLogServlet - Updated CostAnalysis for type='Car' userId=947
[INFO ] 2025-05-10 20:48:45.121 [http-nio-9090-exec-4] AddCommutingLogServlet - Received GET /addCommutingLog for userId=947
[DEBUG] 2025-05-10 20:48:45.131 [http-nio-9090-exec-4] AddCommutingLogServlet - Loaded user for GET: User{id=947, firstName='null', lastName='null', email='darlingmicah@gmail.com'}
[INFO ] 2025-05-10 20:48:51.865 [http-nio-9090-exec-9] AddCommutingLogServlet - Received POST /addCommutingLog for userId=947
[DEBUG] 2025-05-10 20:48:51.867 [http-nio-9090-exec-9] AddCommutingLogServlet - Loaded user: User{id=947, firstName='null', lastName='null', email='darlingmicah@gmail.com'}
[DEBUG] 2025-05-10 20:48:51.867 [http-nio-9090-exec-9] AddCommutingLogServlet - Form inputs — commuteType=Car, timeSpent=1.0, distanceInMiles=1.0
[DEBUG] 2025-05-10 20:48:51.870 [http-nio-9090-exec-9] AddCommutingLogServlet - Determined MPG for 'Car': 10.0
[DEBUG] 2025-05-10 20:48:52.294 [http-nio-9090-exec-9] AddCommutingLogServlet - Computed gas cost: 0.315
[INFO ] 2025-05-10 20:48:52.318 [http-nio-9090-exec-9] AddCommutingLogServlet - Persisted CommutingLog for userId=947 with cost=0.315
[INFO ] 2025-05-10 20:48:52.331 [http-nio-9090-exec-9] AddCommutingLogServlet - Updated CostAnalysis for type='walk' userId=947
[INFO ] 2025-05-10 20:48:52.336 [http-nio-9090-exec-9] AddCommutingLogServlet - Updated CostAnalysis for type='bike' userId=947
[INFO ] 2025-05-10 20:48:52.340 [http-nio-9090-exec-9] AddCommutingLogServlet - Updated CostAnalysis for type='bus' userId=947
[INFO ] 2025-05-10 20:48:52.345 [http-nio-9090-exec-9] AddCommutingLogServlet - Updated CostAnalysis for type='Car' userId=947
[INFO ] 2025-05-10 20:50:05.694 [http-nio-9090-exec-9] AddCommutingLogServlet - Received GET /addCommutingLog for userId=947
[DEBUG] 2025-05-10 20:50:05.698 [http-nio-9090-exec-9] AddCommutingLogServlet - Loaded user for GET: User{id=947, firstName='null', lastName='null', email='darlingmicah@gmail.com'}
[INFO ] 2025-05-10 20:51:42.452 [http-nio-9090-exec-3] AddCommutingLogServlet - Received GET /addCommutingLog for userId=947
[DEBUG] 2025-05-10 20:51:42.455 [http-nio-9090-exec-3] AddCommutingLogServlet - Loaded user for GET: User{id=947, firstName='null', lastName='null', email='darlingmicah@gmail.com'}
[INFO ] 2025-05-10 20:58:58.622 [http-nio-9090-exec-10] AddCommutingLogServlet - Received GET /addCommutingLog for userId=947
[DEBUG] 2025-05-10 20:58:58.630 [http-nio-9090-exec-10] AddCommutingLogServlet - Loaded user for GET: User{id=947, firstName='null', lastName='null', email='darlingmicah@gmail.com'}
[INFO ] 2025-05-10 21:00:12.963 [http-nio-9090-exec-4] AddCommutingLogServlet - Received GET /addCommutingLog for userId=947
[DEBUG] 2025-05-10 21:00:12.967 [http-nio-9090-exec-4] AddCommutingLogServlet - Loaded user for GET: User{id=947, firstName='null', lastName='null', email='darlingmicah@gmail.com'}
[INFO ] 2025-05-10 21:00:16.521 [http-nio-9090-exec-9] AddCommutingLogServlet - Received GET /addCommutingLog for userId=947
[DEBUG] 2025-05-10 21:00:16.524 [http-nio-9090-exec-9] AddCommutingLogServlet - Loaded user for GET: User{id=947, firstName='null', lastName='null', email='darlingmicah@gmail.com'}
[INFO ] 2025-05-10 21:00:31.435 [http-nio-9090-exec-7] AddCommutingLogServlet - Received GET /addCommutingLog for userId=947
[DEBUG] 2025-05-10 21:00:31.437 [http-nio-9090-exec-7] AddCommutingLogServlet - Loaded user for GET: User{id=947, firstName='null', lastName='null', email='darlingmicah@gmail.com'}
[INFO ] 2025-05-10 21:01:47.128 [http-nio-9090-exec-5] AddCommutingLogServlet - Received GET /addCommutingLog for userId=947
[DEBUG] 2025-05-10 21:01:47.131 [http-nio-9090-exec-5] AddCommutingLogServlet - Loaded user for GET: User{id=947, firstName='null', lastName='null', email='darlingmicah@gmail.com'}
[INFO ] 2025-05-11 10:45:44.166 [http-nio-9090-exec-7] AddCommutingLogServlet - Received GET /addCommutingLog for userId=935
[DEBUG] 2025-05-11 10:45:44.174 [http-nio-9090-exec-7] AddCommutingLogServlet - Loaded user for GET: User{id=935, firstName='null', lastName='null', email='micahjdarling@gmail.com'}
[INFO ] 2025-05-11 10:45:49.497 [http-nio-9090-exec-1] AddCommutingLogServlet - Received POST /addCommutingLog for userId=935
[DEBUG] 2025-05-11 10:45:49.500 [http-nio-9090-exec-1] AddCommutingLogServlet - Loaded user: User{id=935, firstName='null', lastName='null', email='micahjdarling@gmail.com'}
[DEBUG] 2025-05-11 10:45:49.501 [http-nio-9090-exec-1] AddCommutingLogServlet - Form inputs — commuteType=Car, timeSpent=11.0, distanceInMiles=1.0
[DEBUG] 2025-05-11 10:45:49.504 [http-nio-9090-exec-1] AddCommutingLogServlet - Determined MPG for 'Car': 25.0
[DEBUG] 2025-05-11 10:45:50.068 [http-nio-9090-exec-1] AddCommutingLogServlet - Computed gas cost: 0.126
[INFO ] 2025-05-11 10:45:50.078 [http-nio-9090-exec-1] AddCommutingLogServlet - Persisted CommutingLog for userId=935 with cost=0.126
[INFO ] 2025-05-11 10:45:50.089 [http-nio-9090-exec-1] AddCommutingLogServlet - Inserted CostAnalysis for type='walk' userId=935
[INFO ] 2025-05-11 10:45:50.093 [http-nio-9090-exec-1] AddCommutingLogServlet - Inserted CostAnalysis for type='bike' userId=935
[INFO ] 2025-05-11 10:45:50.098 [http-nio-9090-exec-1] AddCommutingLogServlet - Inserted CostAnalysis for type='bus' userId=935
[INFO ] 2025-05-11 10:45:50.103 [http-nio-9090-exec-1] AddCommutingLogServlet - Inserted CostAnalysis for type='Car' userId=935
[INFO ] 2025-05-11 10:46:06.945 [http-nio-9090-exec-4] AddCommutingLogServlet - Received GET /addCommutingLog for userId=935
[DEBUG] 2025-05-11 10:46:06.949 [http-nio-9090-exec-4] AddCommutingLogServlet - Loaded user for GET: User{id=935, firstName='null', lastName='null', email='micahjdarling@gmail.com'}
[ERROR] 2025-05-11 11:49:11.626 [http-nio-9090-exec-3] AddCommutingLogServlet - No userName in session, cannot determine userId
[INFO ] 2025-05-11 18:53:47.735 [http-nio-9090-exec-2] AddCommutingLogServlet - Received GET /addCommutingLog for userId=947
[DEBUG] 2025-05-11 18:53:47.746 [http-nio-9090-exec-2] AddCommutingLogServlet - Loaded user for GET: User{id=947, firstName='null', lastName='null', email='darlingmicah@gmail.com'}
[INFO ] 2025-05-11 18:54:40.308 [http-nio-9090-exec-7] AddCommutingLogServlet - Received GET /addCommutingLog for userId=947
[DEBUG] 2025-05-11 18:54:40.311 [http-nio-9090-exec-7] AddCommutingLogServlet - Loaded user for GET: User{id=947, firstName='null', lastName='null', email='darlingmicah@gmail.com'}
[INFO ] 2025-05-11 18:55:03.370 [http-nio-9090-exec-9] AddCommutingLogServlet - Received POST /addCommutingLog for userId=947
[DEBUG] 2025-05-11 18:55:03.380 [http-nio-9090-exec-9] AddCommutingLogServlet - Loaded user: User{id=947, firstName='null', lastName='null', email='darlingmicah@gmail.com'}
[DEBUG] 2025-05-11 18:55:03.380 [http-nio-9090-exec-9] AddCommutingLogServlet - Form inputs — commuteType=Car, timeSpent=1.0, distanceInMiles=1.0
[DEBUG] 2025-05-11 18:55:03.385 [http-nio-9090-exec-9] AddCommutingLogServlet - Determined MPG for 'Car': 30.0
[DEBUG] 2025-05-11 18:55:03.933 [http-nio-9090-exec-9] AddCommutingLogServlet - Computed gas cost: 0.105
[INFO ] 2025-05-11 18:55:03.965 [http-nio-9090-exec-9] AddCommutingLogServlet - Persisted CommutingLog for userId=947 with cost=0.105
[INFO ] 2025-05-11 18:55:03.983 [http-nio-9090-exec-9] AddCommutingLogServlet - Updated CostAnalysis for type='walk' userId=947
[INFO ] 2025-05-11 18:55:03.987 [http-nio-9090-exec-9] AddCommutingLogServlet - Updated CostAnalysis for type='bike' userId=947
[INFO ] 2025-05-11 18:55:03.996 [http-nio-9090-exec-9] AddCommutingLogServlet - Updated CostAnalysis for type='bus' userId=947
[INFO ] 2025-05-11 18:55:04.001 [http-nio-9090-exec-9] AddCommutingLogServlet - Updated CostAnalysis for type='Car' userId=947
[INFO ] 2025-05-11 18:55:47.485 [http-nio-9090-exec-2] AddCommutingLogServlet - Received POST /addCommutingLog for userId=947
[DEBUG] 2025-05-11 18:55:47.494 [http-nio-9090-exec-2] AddCommutingLogServlet - Loaded user: User{id=947, firstName='null', lastName='null', email='darlingmicah@gmail.com'}
[DEBUG] 2025-05-11 18:55:47.496 [http-nio-9090-exec-2] AddCommutingLogServlet - Form inputs — commuteType=bus, timeSpent=2.0, distanceInMiles=2.0
[DEBUG] 2025-05-11 18:55:47.500 [http-nio-9090-exec-2] AddCommutingLogServlet - Determined MPG for 'bus': 25.0
[INFO ] 2025-05-11 18:55:47.505 [http-nio-9090-exec-2] AddCommutingLogServlet - Persisted CommutingLog for userId=947 with cost=2.0
[INFO ] 2025-05-11 18:55:47.514 [http-nio-9090-exec-2] AddCommutingLogServlet - Updated CostAnalysis for type='walk' userId=947
[INFO ] 2025-05-11 18:55:47.517 [http-nio-9090-exec-2] AddCommutingLogServlet - Updated CostAnalysis for type='bike' userId=947
[INFO ] 2025-05-11 18:55:47.521 [http-nio-9090-exec-2] AddCommutingLogServlet - Updated CostAnalysis for type='bus' userId=947
[INFO ] 2025-05-11 18:55:47.524 [http-nio-9090-exec-2] AddCommutingLogServlet - Updated CostAnalysis for type='Car' userId=947
[INFO ] 2025-05-11 18:55:56.320 [http-nio-9090-exec-5] AddCommutingLogServlet - Received POST /addCommutingLog for userId=947
[DEBUG] 2025-05-11 18:55:56.323 [http-nio-9090-exec-5] AddCommutingLogServlet - Loaded user: User{id=947, firstName='null', lastName='null', email='darlingmicah@gmail.com'}
[DEBUG] 2025-05-11 18:55:56.323 [http-nio-9090-exec-5] AddCommutingLogServlet - Form inputs — commuteType=bus, timeSpent=10.0, distanceInMiles=10.0
[DEBUG] 2025-05-11 18:55:56.326 [http-nio-9090-exec-5] AddCommutingLogServlet - Determined MPG for 'bus': 25.0
[INFO ] 2025-05-11 18:55:56.331 [http-nio-9090-exec-5] AddCommutingLogServlet - Persisted CommutingLog for userId=947 with cost=2.0
[INFO ] 2025-05-11 18:55:56.339 [http-nio-9090-exec-5] AddCommutingLogServlet - Updated CostAnalysis for type='walk' userId=947
[INFO ] 2025-05-11 18:55:56.343 [http-nio-9090-exec-5] AddCommutingLogServlet - Updated CostAnalysis for type='bike' userId=947
[INFO ] 2025-05-11 18:55:56.347 [http-nio-9090-exec-5] AddCommutingLogServlet - Updated CostAnalysis for type='bus' userId=947
[INFO ] 2025-05-11 18:55:56.351 [http-nio-9090-exec-5] AddCommutingLogServlet - Updated CostAnalysis for type='Car' userId=947
[INFO ] 2025-05-11 18:57:58.786 [http-nio-9090-exec-3] AddCommutingLogServlet - Received GET /addCommutingLog for userId=947
[DEBUG] 2025-05-11 18:57:58.788 [http-nio-9090-exec-3] AddCommutingLogServlet - Loaded user for GET: User{id=947, firstName='null', lastName='null', email='darlingmicah@gmail.com'}
[INFO ] 2025-05-11 18:58:00.547 [http-nio-9090-exec-8] ViewCommutingLogsServlet - Starting to fetch commuting logs for user ID: 1
[INFO ] 2025-05-11 18:58:00.548 [http-nio-9090-exec-8] ViewCommutingLogsServlet - Fetching commuting logs for user ID: 1
[INFO ] 2025-05-11 18:58:00.557 [http-nio-9090-exec-8] ViewCommutingLogsServlet - Fetched 17 commuting logs for user ID: 1
[INFO ] 2025-05-11 18:58:01.973 [http-nio-9090-exec-9] ViewCommutingLogsServlet - Starting to fetch commuting logs for user ID: 1
[INFO ] 2025-05-11 18:58:01.974 [http-nio-9090-exec-9] ViewCommutingLogsServlet - Fetching commuting logs for user ID: 1
[INFO ] 2025-05-11 18:58:01.980 [http-nio-9090-exec-9] ViewCommutingLogsServlet - Fetched 17 commuting logs for user ID: 1
[INFO ] 2025-05-11 18:58:07.128 [http-nio-9090-exec-4] AddCommutingLogServlet - Received GET /addCommutingLog for userId=947
[DEBUG] 2025-05-11 18:58:07.130 [http-nio-9090-exec-4] AddCommutingLogServlet - Loaded user for GET: User{id=947, firstName='null', lastName='null', email='darlingmicah@gmail.com'}
[INFO ] 2025-05-11 18:58:09.042 [http-nio-9090-exec-5] ViewCommutingLogsServlet - Starting to fetch commuting logs for user ID: 1
[INFO ] 2025-05-11 18:58:09.043 [http-nio-9090-exec-5] ViewCommutingLogsServlet - Fetching commuting logs for user ID: 1
[INFO ] 2025-05-11 18:58:09.048 [http-nio-9090-exec-5] ViewCommutingLogsServlet - Fetched 16 commuting logs for user ID: 1
[INFO ] 2025-05-11 18:58:10.059 [http-nio-9090-exec-8] ViewCommutingLogsServlet - Starting to fetch commuting logs for user ID: 1
[INFO ] 2025-05-11 18:58:10.059 [http-nio-9090-exec-8] ViewCommutingLogsServlet - Fetching commuting logs for user ID: 1
[INFO ] 2025-05-11 18:58:10.071 [http-nio-9090-exec-8] ViewCommutingLogsServlet - Fetched 16 commuting logs for user ID: 1
[INFO ] 2025-05-11 18:58:50.297 [http-nio-9090-exec-10] AddCommutingLogServlet - Received GET /addCommutingLog for userId=947
[DEBUG] 2025-05-11 18:58:50.299 [http-nio-9090-exec-10] AddCommutingLogServlet - Loaded user for GET: User{id=947, firstName='null', lastName='null', email='darlingmicah@gmail.com'}
[INFO ] 2025-05-11 19:09:31.200 [http-nio-9090-exec-1] AddCommutingLogServlet - Received GET /addCommutingLog for userId=947
[DEBUG] 2025-05-11 19:09:31.205 [http-nio-9090-exec-1] AddCommutingLogServlet - Loaded user for GET: User{id=947, firstName='null', lastName='null', email='darlingmicah@gmail.com'}
[INFO ] 2025-05-11 19:15:14.747 [http-nio-9090-exec-4] AddCommutingLogServlet - Received GET /addCommutingLog for userId=947
[DEBUG] 2025-05-11 19:15:14.753 [http-nio-9090-exec-4] AddCommutingLogServlet - Loaded user for GET: User{id=947, firstName='null', lastName='null', email='darlingmicah@gmail.com'}
[INFO ] 2025-05-11 19:15:18.242 [http-nio-9090-exec-9] ViewCommutingLogsServlet - Starting to fetch commuting logs for user ID: 1
[INFO ] 2025-05-11 19:15:18.243 [http-nio-9090-exec-9] ViewCommutingLogsServlet - Fetching commuting logs for user ID: 1
[INFO ] 2025-05-11 19:15:18.254 [http-nio-9090-exec-9] ViewCommutingLogsServlet - Fetched 15 commuting logs for user ID: 1
[INFO ] 2025-05-11 19:15:53.231 [http-nio-9090-exec-1] AddCommutingLogServlet - Received GET /addCommutingLog for userId=947
[DEBUG] 2025-05-11 19:15:53.233 [http-nio-9090-exec-1] AddCommutingLogServlet - Loaded user for GET: User{id=947, firstName='null', lastName='null', email='darlingmicah@gmail.com'}
[INFO ] 2025-05-11 19:43:44.045 [http-nio-9090-exec-2] AddCommutingLogServlet - Received GET /addCommutingLog for userId=947
[DEBUG] 2025-05-11 19:43:44.052 [http-nio-9090-exec-2] AddCommutingLogServlet - Loaded user for GET: User{id=947, firstName='null', lastName='null', email='darlingmicah@gmail.com'}
[INFO ] 2025-05-11 19:43:47.684 [http-nio-9090-exec-6] AddCommutingLogServlet - Received GET /addCommutingLog for userId=947
[DEBUG] 2025-05-11 19:43:47.686 [http-nio-9090-exec-6] AddCommutingLogServlet - Loaded user for GET: User{id=947, firstName='null', lastName='null', email='darlingmicah@gmail.com'}
[INFO ] 2025-05-11 19:46:49.243 [http-nio-9090-exec-9] AddCommutingLogServlet - Received GET /addCommutingLog for userId=947
[DEBUG] 2025-05-11 19:46:49.247 [http-nio-9090-exec-9] AddCommutingLogServlet - Loaded user for GET: User{id=947, firstName='null', lastName='null', email='darlingmicah@gmail.com'}
[INFO ] 2025-05-11 19:46:51.884 [http-nio-9090-exec-2] ViewCommutingLogsServlet - Starting to fetch commuting logs for user ID: 1
[INFO ] 2025-05-11 19:46:51.884 [http-nio-9090-exec-2] ViewCommutingLogsServlet - Fetching commuting logs for user ID: 1
[INFO ] 2025-05-11 19:46:51.894 [http-nio-9090-exec-2] ViewCommutingLogsServlet - Fetched 14 commuting logs for user ID: 1
[INFO ] 2025-05-11 19:47:09.064 [http-nio-9090-exec-7] AddCommutingLogServlet - Received GET /addCommutingLog for userId=947
[DEBUG] 2025-05-11 19:47:09.067 [http-nio-9090-exec-7] AddCommutingLogServlet - Loaded user for GET: User{id=947, firstName='null', lastName='null', email='darlingmicah@gmail.com'}
[INFO ] 2025-05-11 19:47:30.896 [http-nio-9090-exec-2] ViewCommutingLogsServlet - Starting to fetch commuting logs for user ID: 1
[INFO ] 2025-05-11 19:47:30.897 [http-nio-9090-exec-2] ViewCommutingLogsServlet - Fetching commuting logs for user ID: 1
[INFO ] 2025-05-11 19:47:30.902 [http-nio-9090-exec-2] ViewCommutingLogsServlet - Fetched 13 commuting logs for user ID: 1
[INFO ] 2025-05-11 19:47:33.656 [http-nio-9090-exec-8] ViewCommutingLogsServlet - Starting to fetch commuting logs for user ID: 1
[INFO ] 2025-05-11 19:47:33.656 [http-nio-9090-exec-8] ViewCommutingLogsServlet - Fetching commuting logs for user ID: 1
[INFO ] 2025-05-11 19:47:33.661 [http-nio-9090-exec-8] ViewCommutingLogsServlet - Fetched 12 commuting logs for user ID: 1
[INFO ] 2025-05-11 19:49:47.753 [http-nio-9090-exec-8] AddCommutingLogServlet - Received GET /addCommutingLog for userId=947
[DEBUG] 2025-05-11 19:49:47.776 [http-nio-9090-exec-8] AddCommutingLogServlet - Loaded user for GET: User{id=947, firstName='null', lastName='null', email='darlingmicah@gmail.com'}
[INFO ] 2025-05-11 19:49:56.782 [http-nio-9090-exec-9] AddCommutingLogServlet - Received POST /addCommutingLog for userId=947
[DEBUG] 2025-05-11 19:49:56.785 [http-nio-9090-exec-9] AddCommutingLogServlet - Loaded user: User{id=947, firstName='null', lastName='null', email='darlingmicah@gmail.com'}
[DEBUG] 2025-05-11 19:49:56.785 [http-nio-9090-exec-9] AddCommutingLogServlet - Form inputs — commuteType=Car, timeSpent=10.0, distanceInMiles=10.0
[DEBUG] 2025-05-11 19:49:56.790 [http-nio-9090-exec-9] AddCommutingLogServlet - Determined MPG for 'Car': 30.0
[DEBUG] 2025-05-11 19:49:58.116 [http-nio-9090-exec-9] AddCommutingLogServlet - Computed gas cost: 1.0499999999999998
[INFO ] 2025-05-11 19:49:58.154 [http-nio-9090-exec-9] AddCommutingLogServlet - Persisted CommutingLog for userId=947 with cost=1.0499999999999998
[INFO ] 2025-05-11 19:49:58.166 [http-nio-9090-exec-9] AddCommutingLogServlet - Updated CostAnalysis for type='walk' userId=947
[INFO ] 2025-05-11 19:49:58.169 [http-nio-9090-exec-9] AddCommutingLogServlet - Updated CostAnalysis for type='bike' userId=947
[INFO ] 2025-05-11 19:49:58.174 [http-nio-9090-exec-9] AddCommutingLogServlet - Updated CostAnalysis for type='bus' userId=947
[INFO ] 2025-05-11 19:49:58.178 [http-nio-9090-exec-9] AddCommutingLogServlet - Updated CostAnalysis for type='Car' userId=947
[INFO ] 2025-05-11 19:50:15.873 [http-nio-9090-exec-8] AddCommutingLogServlet - Received GET /addCommutingLog for userId=947
[DEBUG] 2025-05-11 19:50:15.877 [http-nio-9090-exec-8] AddCommutingLogServlet - Loaded user for GET: User{id=947, firstName='null', lastName='null', email='darlingmicah@gmail.com'}
[INFO ] 2025-05-11 19:50:21.626 [http-nio-9090-exec-10] AddCommutingLogServlet - Received POST /addCommutingLog for userId=947
[DEBUG] 2025-05-11 19:50:21.627 [http-nio-9090-exec-10] AddCommutingLogServlet - Loaded user: User{id=947, firstName='null', lastName='null', email='darlingmicah@gmail.com'}
[DEBUG] 2025-05-11 19:50:21.627 [http-nio-9090-exec-10] AddCommutingLogServlet - Form inputs — commuteType=Car, timeSpent=10.0, distanceInMiles=10.0
[DEBUG] 2025-05-11 19:50:21.628 [http-nio-9090-exec-10] AddCommutingLogServlet - Determined MPG for 'Car': 300.0
[DEBUG] 2025-05-11 19:50:21.972 [http-nio-9090-exec-10] AddCommutingLogServlet - Computed gas cost: 0.105
[INFO ] 2025-05-11 19:50:21.980 [http-nio-9090-exec-10] AddCommutingLogServlet - Persisted CommutingLog for userId=947 with cost=0.105
[INFO ] 2025-05-11 19:50:21.989 [http-nio-9090-exec-10] AddCommutingLogServlet - Updated CostAnalysis for type='walk' userId=947
[INFO ] 2025-05-11 19:50:21.993 [http-nio-9090-exec-10] AddCommutingLogServlet - Updated CostAnalysis for type='bike' userId=947
[INFO ] 2025-05-11 19:50:21.999 [http-nio-9090-exec-10] AddCommutingLogServlet - Updated CostAnalysis for type='bus' userId=947
[INFO ] 2025-05-11 19:50:22.004 [http-nio-9090-exec-10] AddCommutingLogServlet - Updated CostAnalysis for type='Car' userId=947
[INFO ] 2025-05-11 19:50:35.632 [http-nio-9090-exec-4] AddCommutingLogServlet - Received GET /addCommutingLog for userId=947
[DEBUG] 2025-05-11 19:50:35.634 [http-nio-9090-exec-4] AddCommutingLogServlet - Loaded user for GET: User{id=947, firstName='null', lastName='null', email='darlingmicah@gmail.com'}
[INFO ] 2025-05-11 19:50:43.106 [http-nio-9090-exec-8] AddCommutingLogServlet - Received POST /addCommutingLog for userId=947
[DEBUG] 2025-05-11 19:50:43.107 [http-nio-9090-exec-8] AddCommutingLogServlet - Loaded user: User{id=947, firstName='null', lastName='null', email='darlingmicah@gmail.com'}
[DEBUG] 2025-05-11 19:50:43.107 [http-nio-9090-exec-8] AddCommutingLogServlet - Form inputs — commuteType=bus, timeSpent=2.0, distanceInMiles=2.0
[DEBUG] 2025-05-11 19:50:43.109 [http-nio-9090-exec-8] AddCommutingLogServlet - Determined MPG for 'bus': 25.0
[INFO ] 2025-05-11 19:50:43.113 [http-nio-9090-exec-8] AddCommutingLogServlet - Persisted CommutingLog for userId=947 with cost=2.0
[INFO ] 2025-05-11 19:50:43.119 [http-nio-9090-exec-8] AddCommutingLogServlet - Updated CostAnalysis for type='walk' userId=947
[INFO ] 2025-05-11 19:50:43.122 [http-nio-9090-exec-8] AddCommutingLogServlet - Updated CostAnalysis for type='bike' userId=947
[INFO ] 2025-05-11 19:50:43.126 [http-nio-9090-exec-8] AddCommutingLogServlet - Updated CostAnalysis for type='bus' userId=947
[INFO ] 2025-05-11 19:50:43.129 [http-nio-9090-exec-8] AddCommutingLogServlet - Updated CostAnalysis for type='Car' userId=947
[INFO ] 2025-05-11 19:50:57.241 [http-nio-9090-exec-2] ViewCommutingLogsServlet - Starting to fetch commuting logs for user ID: 1
[INFO ] 2025-05-11 19:50:57.242 [http-nio-9090-exec-2] ViewCommutingLogsServlet - Fetching commuting logs for user ID: 1
[INFO ] 2025-05-11 19:50:57.247 [http-nio-9090-exec-2] ViewCommutingLogsServlet - Fetched 14 commuting logs for user ID: 1
[INFO ] 2025-05-11 20:09:53.483 [http-nio-9090-exec-8] AddCommutingLogServlet - Received GET /addCommutingLog for userId=947
[DEBUG] 2025-05-11 20:09:53.501 [http-nio-9090-exec-8] AddCommutingLogServlet - Loaded user for GET: User{id=947, firstName='null', lastName='null', email='darlingmicah@gmail.com'}
[INFO ] 2025-05-11 20:11:09.544 [http-nio-9090-exec-4] AddCommutingLogServlet - Received GET /addCommutingLog for userId=947
[DEBUG] 2025-05-11 20:11:09.548 [http-nio-9090-exec-4] AddCommutingLogServlet - Loaded user for GET: User{id=947, firstName='null', lastName='null', email='darlingmicah@gmail.com'}
[INFO ] 2025-05-11 20:11:39.091 [http-nio-9090-exec-5] AddCommutingLogServlet - Received GET /addCommutingLog for userId=947
[DEBUG] 2025-05-11 20:11:39.094 [http-nio-9090-exec-5] AddCommutingLogServlet - Loaded user for GET: User{id=947, firstName='null', lastName='null', email='darlingmicah@gmail.com'}
[INFO ] 2025-05-11 20:11:56.112 [http-nio-9090-exec-7] AddCommutingLogServlet - Received POST /addCommutingLog for userId=947
[DEBUG] 2025-05-11 20:11:56.115 [http-nio-9090-exec-7] AddCommutingLogServlet - Loaded user: User{id=947, firstName='null', lastName='null', email='darlingmicah@gmail.com'}
[DEBUG] 2025-05-11 20:11:56.115 [http-nio-9090-exec-7] AddCommutingLogServlet - Form inputs — commuteType=Car, timeSpent=10.0, distanceInMiles=10.0
[DEBUG] 2025-05-11 20:11:56.119 [http-nio-9090-exec-7] AddCommutingLogServlet - Determined MPG for 'Car': 30.0
[DEBUG] 2025-05-11 20:11:56.789 [http-nio-9090-exec-7] AddCommutingLogServlet - Computed gas cost: 1.0499999999999998
[INFO ] 2025-05-11 20:11:56.823 [http-nio-9090-exec-7] AddCommutingLogServlet - Persisted CommutingLog for userId=947 with cost=1.0499999999999998
[INFO ] 2025-05-11 20:11:56.837 [http-nio-9090-exec-7] AddCommutingLogServlet - Updated CostAnalysis for type='walk' userId=947
[INFO ] 2025-05-11 20:11:56.844 [http-nio-9090-exec-7] AddCommutingLogServlet - Updated CostAnalysis for type='bike' userId=947
[INFO ] 2025-05-11 20:11:56.853 [http-nio-9090-exec-7] AddCommutingLogServlet - Updated CostAnalysis for type='bus' userId=947
[INFO ] 2025-05-11 20:11:56.865 [http-nio-9090-exec-7] AddCommutingLogServlet - Updated CostAnalysis for type='Car' userId=947
[INFO ] 2025-05-11 20:12:13.682 [http-nio-9090-exec-6] AddCommutingLogServlet - Received GET /addCommutingLog for userId=947
[DEBUG] 2025-05-11 20:12:13.687 [http-nio-9090-exec-6] AddCommutingLogServlet - Loaded user for GET: User{id=947, firstName='null', lastName='null', email='darlingmicah@gmail.com'}
[INFO ] 2025-05-11 20:12:24.007 [http-nio-9090-exec-9] AddCommutingLogServlet - Received POST /addCommutingLog for userId=947
[DEBUG] 2025-05-11 20:12:24.011 [http-nio-9090-exec-9] AddCommutingLogServlet - Loaded user: User{id=947, firstName='null', lastName='null', email='darlingmicah@gmail.com'}
[DEBUG] 2025-05-11 20:12:24.011 [http-nio-9090-exec-9] AddCommutingLogServlet - Form inputs — commuteType=walk, timeSpent=1.0, distanceInMiles=10.0
[DEBUG] 2025-05-11 20:12:24.016 [http-nio-9090-exec-9] AddCommutingLogServlet - Determined MPG for 'walk': 25.0
[INFO ] 2025-05-11 20:12:24.020 [http-nio-9090-exec-9] AddCommutingLogServlet - Persisted CommutingLog for userId=947 with cost=0.0
[INFO ] 2025-05-11 20:12:24.035 [http-nio-9090-exec-9] AddCommutingLogServlet - Updated CostAnalysis for type='walk' userId=947
[INFO ] 2025-05-11 20:12:24.044 [http-nio-9090-exec-9] AddCommutingLogServlet - Updated CostAnalysis for type='bike' userId=947
[INFO ] 2025-05-11 20:12:24.047 [http-nio-9090-exec-9] AddCommutingLogServlet - Updated CostAnalysis for type='bus' userId=947
[INFO ] 2025-05-11 20:12:24.051 [http-nio-9090-exec-9] AddCommutingLogServlet - Updated CostAnalysis for type='Car' userId=947
[INFO ] 2025-05-11 20:13:16.430 [http-nio-9090-exec-10] AddCommutingLogServlet - Received POST /addCommutingLog for userId=947
[DEBUG] 2025-05-11 20:13:16.434 [http-nio-9090-exec-10] AddCommutingLogServlet - Loaded user: User{id=947, firstName='null', lastName='null', email='darlingmicah@gmail.com'}
[DEBUG] 2025-05-11 20:13:16.435 [http-nio-9090-exec-10] AddCommutingLogServlet - Form inputs — commuteType=Car, timeSpent=10.0, distanceInMiles=10.0
[DEBUG] 2025-05-11 20:13:16.443 [http-nio-9090-exec-10] AddCommutingLogServlet - Determined MPG for 'Car': 300.0
[DEBUG] 2025-05-11 20:13:19.369 [http-nio-9090-exec-10] AddCommutingLogServlet - Computed gas cost: 0.105
[INFO ] 2025-05-11 20:13:19.388 [http-nio-9090-exec-10] AddCommutingLogServlet - Persisted CommutingLog for userId=947 with cost=0.105
[INFO ] 2025-05-11 20:13:19.407 [http-nio-9090-exec-10] AddCommutingLogServlet - Updated CostAnalysis for type='walk' userId=947
[INFO ] 2025-05-11 20:13:19.417 [http-nio-9090-exec-10] AddCommutingLogServlet - Updated CostAnalysis for type='bike' userId=947
[INFO ] 2025-05-11 20:13:19.424 [http-nio-9090-exec-10] AddCommutingLogServlet - Updated CostAnalysis for type='bus' userId=947
[INFO ] 2025-05-11 20:13:19.429 [http-nio-9090-exec-10] AddCommutingLogServlet - Updated CostAnalysis for type='Car' userId=947
[INFO ] 2025-05-11 20:16:31.071 [http-nio-9090-exec-8] AddCommutingLogServlet - Received GET /addCommutingLog for userId=947
[DEBUG] 2025-05-11 20:16:31.078 [http-nio-9090-exec-8] AddCommutingLogServlet - Loaded user for GET: User{id=947, firstName='null', lastName='null', email='darlingmicah@gmail.com'}
[INFO ] 2025-05-11 20:16:34.731 [http-nio-9090-exec-5] ViewCommutingLogsServlet - Starting to fetch commuting logs for user ID: 1
[INFO ] 2025-05-11 20:16:34.732 [http-nio-9090-exec-5] ViewCommutingLogsServlet - Fetching commuting logs for user ID: 1
[INFO ] 2025-05-11 20:16:34.752 [http-nio-9090-exec-5] ViewCommutingLogsServlet - Fetched 17 commuting logs for user ID: 1
[INFO ] 2025-05-11 20:16:44.395 [http-nio-9090-exec-7] ViewCommutingLogsServlet - Starting to fetch commuting logs for user ID: 1
[INFO ] 2025-05-11 20:16:44.395 [http-nio-9090-exec-7] ViewCommutingLogsServlet - Fetching commuting logs for user ID: 1
[INFO ] 2025-05-11 20:16:44.400 [http-nio-9090-exec-7] ViewCommutingLogsServlet - Fetched 16 commuting logs for user ID: 1
[INFO ] 2025-05-11 20:16:51.027 [http-nio-9090-exec-1] ViewCommutingLogsServlet - Starting to fetch commuting logs for user ID: 1
[INFO ] 2025-05-11 20:16:51.027 [http-nio-9090-exec-1] ViewCommutingLogsServlet - Fetching commuting logs for user ID: 1
[INFO ] 2025-05-11 20:16:51.031 [http-nio-9090-exec-1] ViewCommutingLogsServlet - Fetched 15 commuting logs for user ID: 1
[INFO ] 2025-05-12 21:28:24.302 [http-nio-9090-exec-4] AddCommutingLogServlet - Received GET /addCommutingLog for userId=947
[DEBUG] 2025-05-12 21:28:24.311 [http-nio-9090-exec-4] AddCommutingLogServlet - Loaded user for GET: User{id=947, firstName='null', lastName='null', email='darlingmicah@gmail.com'}
[INFO ] 2025-05-12 21:28:26.960 [http-nio-9090-exec-6] ViewCommutingLogsServlet - Starting to fetch commuting logs for user ID: 1
[INFO ] 2025-05-12 21:28:26.961 [http-nio-9090-exec-6] ViewCommutingLogsServlet - Fetching commuting logs for user ID: 1
[INFO ] 2025-05-12 21:28:26.972 [http-nio-9090-exec-6] ViewCommutingLogsServlet - Fetched 15 commuting logs for user ID: 1
[INFO ] 2025-05-12 21:28:28.642 [http-nio-9090-exec-7] ViewCommutingLogsServlet - Starting to fetch commuting logs for user ID: 1
[INFO ] 2025-05-12 21:28:28.642 [http-nio-9090-exec-7] ViewCommutingLogsServlet - Fetching commuting logs for user ID: 1
[INFO ] 2025-05-12 21:28:28.655 [http-nio-9090-exec-7] ViewCommutingLogsServlet - Fetched 15 commuting logs for user ID: 1
[INFO ] 2025-05-12 21:29:51.693 [http-nio-9090-exec-10] AddCommutingLogServlet - Received GET /addCommutingLog for userId=947
[DEBUG] 2025-05-12 21:29:51.705 [http-nio-9090-exec-10] AddCommutingLogServlet - Loaded user for GET: User{id=947, firstName='null', lastName='null', email='darlingmicah@gmail.com'}
[INFO ] 2025-05-12 21:31:43.815 [http-nio-9090-exec-4] AddCommutingLogServlet - Received GET /addCommutingLog for userId=947
[DEBUG] 2025-05-12 21:31:43.820 [http-nio-9090-exec-4] AddCommutingLogServlet - Loaded user for GET: User{id=947, firstName='null', lastName='null', email='darlingmicah@gmail.com'}
[INFO ] 2025-05-12 21:31:50.127 [http-nio-9090-exec-7] AddCommutingLogServlet - Received POST /addCommutingLog for userId=947
[DEBUG] 2025-05-12 21:31:50.129 [http-nio-9090-exec-7] AddCommutingLogServlet - Loaded user: User{id=947, firstName='null', lastName='null', email='darlingmicah@gmail.com'}
[DEBUG] 2025-05-12 21:31:50.129 [http-nio-9090-exec-7] AddCommutingLogServlet - Form inputs — commuteType=Car, timeSpent=1.0, distanceInMiles=1.0
[DEBUG] 2025-05-12 21:31:50.132 [http-nio-9090-exec-7] AddCommutingLogServlet - Determined MPG for 'Car': 301.0
[DEBUG] 2025-05-12 21:31:50.937 [http-nio-9090-exec-7] AddCommutingLogServlet - Computed gas cost: 0.010465116279069767
[INFO ] 2025-05-12 21:31:50.971 [http-nio-9090-exec-7] AddCommutingLogServlet - Persisted CommutingLog for userId=947 with cost=0.010465116279069767
[INFO ] 2025-05-12 21:31:50.983 [http-nio-9090-exec-7] AddCommutingLogServlet - Updated CostAnalysis for type='walk' userId=947
[INFO ] 2025-05-12 21:31:50.988 [http-nio-9090-exec-7] AddCommutingLogServlet - Updated CostAnalysis for type='bike' userId=947
[INFO ] 2025-05-12 21:31:50.996 [http-nio-9090-exec-7] AddCommutingLogServlet - Updated CostAnalysis for type='bus' userId=947
[INFO ] 2025-05-12 21:31:51.001 [http-nio-9090-exec-7] AddCommutingLogServlet - Updated CostAnalysis for type='Car' userId=947
[INFO ] 2025-05-12 21:36:42.634 [http-nio-9090-exec-10] AddCommutingLogServlet - Received GET /addCommutingLog for userId=947
[DEBUG] 2025-05-12 21:36:42.641 [http-nio-9090-exec-10] AddCommutingLogServlet - Loaded user for GET: User{id=947, firstName='null', lastName='null', email='darlingmicah@gmail.com'}
[INFO ] 2025-05-12 21:36:47.604 [http-nio-9090-exec-6] AddCommutingLogServlet - Received GET /addCommutingLog for userId=947
[DEBUG] 2025-05-12 21:36:47.612 [http-nio-9090-exec-6] AddCommutingLogServlet - Loaded user for GET: User{id=947, firstName='null', lastName='null', email='darlingmicah@gmail.com'}
[INFO ] 2025-05-12 21:36:48.862 [http-nio-9090-exec-7] ViewCommutingLogsServlet - Starting to fetch commuting logs for user ID: 1
[INFO ] 2025-05-12 21:36:48.862 [http-nio-9090-exec-7] ViewCommutingLogsServlet - Fetching commuting logs for user ID: 1
[INFO ] 2025-05-12 21:36:48.875 [http-nio-9090-exec-7] ViewCommutingLogsServlet - Fetched 15 commuting logs for user ID: 1
[INFO ] 2025-05-13 11:55:57.711 [http-nio-9090-exec-1] ViewCommutingLogsServlet - Starting to fetch commuting logs for user ID: 1
[INFO ] 2025-05-13 11:55:57.712 [http-nio-9090-exec-1] ViewCommutingLogsServlet - Fetching commuting logs for user ID: 1
[INFO ] 2025-05-13 11:55:57.729 [http-nio-9090-exec-1] ViewCommutingLogsServlet - Fetched 16 commuting logs for user ID: 1
[INFO ] 2025-05-13 11:59:35.792 [http-nio-9090-exec-3] ViewCommutingLogsServlet - Fetching commuting logs for user ID: 935
[INFO ] 2025-05-13 11:59:35.809 [http-nio-9090-exec-3] ViewCommutingLogsServlet - Fetched 2 commuting logs.
[INFO ] 2025-05-13 11:59:39.436 [http-nio-9090-exec-4] ViewCommutingLogsServlet - Fetching commuting logs for user ID: 935
[INFO ] 2025-05-13 11:59:39.448 [http-nio-9090-exec-4] ViewCommutingLogsServlet - Fetched 1 commuting logs.
[INFO ] 2025-05-13 12:28:55.077 [http-nio-9090-exec-8] ViewCommutingLogsServlet - Fetching commuting logs for user ID: 935
[INFO ] 2025-05-13 12:28:55.108 [http-nio-9090-exec-8] ViewCommutingLogsServlet - Fetched 2 commuting logs.
[INFO ] 2025-05-13 12:29:21.769 [http-nio-9090-exec-4] ViewCommutingLogsServlet - Fetching commuting logs for user ID: 935
[INFO ] 2025-05-13 12:29:21.783 [http-nio-9090-exec-4] ViewCommutingLogsServlet - Fetched 3 commuting logs.
[INFO ] 2025-05-13 12:29:22.745 [http-nio-9090-exec-8] ViewCommutingLogsServlet - Fetching commuting logs for user ID: 935
[INFO ] 2025-05-13 12:29:22.751 [http-nio-9090-exec-8] ViewCommutingLogsServlet - Fetched 3 commuting logs.
[INFO ] 2025-05-13 12:39:59.999 [http-nio-9090-exec-7] ViewCommutingLogsServlet - Fetching commuting logs for user ID: 935
[INFO ] 2025-05-13 12:40:00.035 [http-nio-9090-exec-7] ViewCommutingLogsServlet - Fetched 2 commuting logs.
[INFO ] 2025-05-13 12:46:47.885 [http-nio-9090-exec-9] ViewCommutingLogsServlet - Fetching commuting logs for user ID: 935
[INFO ] 2025-05-13 12:46:47.890 [http-nio-9090-exec-9] ViewCommutingLogsServlet - Fetched 2 commuting logs.
[INFO ] 2025-05-13 12:46:48.840 [http-nio-9090-exec-1] ViewCommutingLogsServlet - Fetching commuting logs for user ID: 935
[INFO ] 2025-05-13 12:46:48.848 [http-nio-9090-exec-1] ViewCommutingLogsServlet - Fetched 2 commuting logs.
[INFO ] 2025-05-13 12:49:47.292 [http-nio-9090-exec-4] ViewCommutingLogsServlet - Fetching commuting logs for user ID: 935
[INFO ] 2025-05-13 12:49:47.298 [http-nio-9090-exec-4] ViewCommutingLogsServlet - Fetched 7 commuting logs.
[INFO ] 2025-05-13 12:49:47.824 [http-nio-9090-exec-7] ViewCommutingLogsServlet - Fetching commuting logs for user ID: 935
[INFO ] 2025-05-13 12:49:47.828 [http-nio-9090-exec-7] ViewCommutingLogsServlet - Fetched 6 commuting logs.
[INFO ] 2025-05-13 12:49:50.069 [http-nio-9090-exec-9] ViewCommutingLogsServlet - Fetching commuting logs for user ID: 935
[INFO ] 2025-05-13 12:49:50.075 [http-nio-9090-exec-9] ViewCommutingLogsServlet - Fetched 5 commuting logs.
[INFO ] 2025-05-13 12:49:50.523 [http-nio-9090-exec-3] ViewCommutingLogsServlet - Fetching commuting logs for user ID: 935
[INFO ] 2025-05-13 12:49:50.526 [http-nio-9090-exec-3] ViewCommutingLogsServlet - Fetched 4 commuting logs.
[INFO ] 2025-05-13 12:49:50.868 [http-nio-9090-exec-4] ViewCommutingLogsServlet - Fetching commuting logs for user ID: 935
[INFO ] 2025-05-13 12:49:50.872 [http-nio-9090-exec-4] ViewCommutingLogsServlet - Fetched 3 commuting logs.
[INFO ] 2025-05-13 16:04:03.404 [http-nio-9090-exec-4] ViewCommutingLogsServlet - Fetching commuting logs for user ID: 947
[INFO ] 2025-05-13 16:04:03.417 [http-nio-9090-exec-4] ViewCommutingLogsServlet - Fetched 14 commuting logs.
[INFO ] 2025-05-13 16:04:07.379 [http-nio-9090-exec-8] ViewCommutingLogsServlet - Fetching commuting logs for user ID: 947
[INFO ] 2025-05-13 16:04:07.384 [http-nio-9090-exec-8] ViewCommutingLogsServlet - Fetched 13 commuting logs.
[INFO ] 2025-05-13 16:41:38.717 [http-nio-9090-exec-9] ViewCommutingLogsServlet - Fetching commuting logs for user ID: 947
[INFO ] 2025-05-13 16:41:38.734 [http-nio-9090-exec-9] ViewCommutingLogsServlet - Fetched 12 commuting logs.
[INFO ] 2025-05-13 17:39:14.188 [http-nio-9090-exec-3] ViewCommutingLogsServlet - Fetching commuting logs for user ID: 947
[INFO ] 2025-05-13 17:39:14.198 [http-nio-9090-exec-3] ViewCommutingLogsServlet - Fetched 13 commuting logs.
[INFO ] 2025-05-13 17:47:18.534 [http-nio-9090-exec-3] ViewCommutingLogsServlet - Fetching commuting logs for user ID: 947
[INFO ] 2025-05-13 17:47:18.558 [http-nio-9090-exec-3] ViewCommutingLogsServlet - Fetched 13 commuting logs.
[INFO ] 2025-05-13 17:47:32.021 [http-nio-9090-exec-7] ViewCommutingLogsServlet - Fetching commuting logs for user ID: 947
[INFO ] 2025-05-13 17:47:32.029 [http-nio-9090-exec-7] ViewCommutingLogsServlet - Fetched 12 commuting logs.
[INFO ] 2025-05-13 17:47:34.244 [http-nio-9090-exec-8] ViewCommutingLogsServlet - Fetching commuting logs for user ID: 947
[INFO ] 2025-05-13 17:47:34.253 [http-nio-9090-exec-8] ViewCommutingLogsServlet - Fetched 12 commuting logs.
[INFO ] 2025-05-13 17:47:55.161 [http-nio-9090-exec-10] ViewCommutingLogsServlet - Fetching commuting logs for user ID: 947
[INFO ] 2025-05-13 17:47:55.176 [http-nio-9090-exec-10] ViewCommutingLogsServlet - Fetched 12 commuting logs.
[INFO ] 2025-05-13 17:50:40.436 [http-nio-9090-exec-3] ViewCommutingLogsServlet - Fetching commuting logs for user ID: 947
[INFO ] 2025-05-13 17:50:40.453 [http-nio-9090-exec-3] ViewCommutingLogsServlet - Fetched 11 commuting logs.
[INFO ] 2025-05-13 17:50:42.978 [http-nio-9090-exec-6] ViewCommutingLogsServlet - Fetching commuting logs for user ID: 947
[INFO ] 2025-05-13 17:50:42.986 [http-nio-9090-exec-6] ViewCommutingLogsServlet - Fetched 11 commuting logs.
[INFO ] 2025-05-13 17:59:10.140 [http-nio-9090-exec-6] ViewCommutingLogsServlet - Fetching commuting logs for user ID: 947
[INFO ] 2025-05-13 17:59:10.158 [http-nio-9090-exec-6] ViewCommutingLogsServlet - Fetched 11 commuting logs.
[INFO ] 2025-05-13 17:59:13.807 [http-nio-9090-exec-9] ViewCommutingLogsServlet - Fetching commuting logs for user ID: 947
[INFO ] 2025-05-13 17:59:13.813 [http-nio-9090-exec-9] ViewCommutingLogsServlet - Fetched 10 commuting logs.
[INFO ] 2025-05-13 18:00:07.046 [http-nio-9090-exec-3] ViewCommutingLogsServlet - Fetching commuting logs for user ID: 947
[INFO ] 2025-05-13 18:00:07.052 [http-nio-9090-exec-3] ViewCommutingLogsServlet - Fetched 9 commuting logs.
[INFO ] 2025-05-13 18:00:08.818 [http-nio-9090-exec-7] ViewCommutingLogsServlet - Fetching commuting logs for user ID: 947
[INFO ] 2025-05-13 18:00:08.825 [http-nio-9090-exec-7] ViewCommutingLogsServlet - Fetched 8 commuting logs.
